{"C:\\Users\\pra.eins\\Desktop\\Workshop\\Workshop\\tasks\\library\\src\\lib\\array\\chunk.ts": {"path":"C:\\Users\\pra.eins\\Desktop\\Workshop\\Workshop\\tasks\\library\\src\\lib\\array\\chunk.ts","statementMap":{"0":{"start":{"line":11,"column":21},"end":{"line":19,"column":1}},"1":{"start":{"line":12,"column":2},"end":{"line":12,"column":55}},"2":{"start":{"line":12,"column":46},"end":{"line":12,"column":55}},"3":{"start":{"line":13,"column":22},"end":{"line":13,"column":24}},"4":{"start":{"line":14,"column":22},"end":{"line":14,"column":23}},"5":{"start":{"line":15,"column":2},"end":{"line":17,"column":null}},"6":{"start":{"line":16,"column":4},"end":{"line":16,"column":53}},"7":{"start":{"line":18,"column":2},"end":{"line":18,"column":16}},"8":{"start":{"line":11,"column":13},"end":{"line":11,"column":21}}},"fnMap":{"0":{"name":"(anonymous_0)","decl":{"start":{"line":11,"column":21},"end":{"line":11,"column":22}},"loc":{"start":{"line":11,"column":55},"end":{"line":19,"column":1}}}},"branchMap":{"0":{"loc":{"start":{"line":11,"column":36},"end":{"line":11,"column":44}},"type":"default-arg","locations":[{"start":{"line":11,"column":43},"end":{"line":11,"column":44}}]},"1":{"loc":{"start":{"line":12,"column":2},"end":{"line":12,"column":55}},"type":"if","locations":[{"start":{"line":12,"column":2},"end":{"line":12,"column":55}}]},"2":{"loc":{"start":{"line":12,"column":6},"end":{"line":12,"column":44}},"type":"binary-expr","locations":[{"start":{"line":12,"column":6},"end":{"line":12,"column":27}},{"start":{"line":12,"column":31},"end":{"line":12,"column":44}}]}},"s":{"0":1,"1":3,"2":1,"3":2,"4":2,"5":2,"6":5,"7":2,"8":1},"f":{"0":3},"b":{"0":[0],"1":[1],"2":[3,3]}}
,"C:\\Users\\pra.eins\\Desktop\\Workshop\\Workshop\\tasks\\library\\src\\lib\\array\\compact.ts": {"path":"C:\\Users\\pra.eins\\Desktop\\Workshop\\Workshop\\tasks\\library\\src\\lib\\array\\compact.ts","statementMap":{"0":{"start":{"line":10,"column":23},"end":{"line":12,"column":1}},"1":{"start":{"line":11,"column":2},"end":{"line":11,"column":40}},"2":{"start":{"line":11,"column":32},"end":{"line":11,"column":38}},"3":{"start":{"line":10,"column":13},"end":{"line":10,"column":23}}},"fnMap":{"0":{"name":"(anonymous_0)","decl":{"start":{"line":10,"column":23},"end":{"line":10,"column":24}},"loc":{"start":{"line":10,"column":47},"end":{"line":12,"column":1}}},"1":{"name":"(anonymous_1)","decl":{"start":{"line":11,"column":22},"end":{"line":11,"column":23}},"loc":{"start":{"line":11,"column":32},"end":{"line":11,"column":38}}}},"branchMap":{},"s":{"0":1,"1":1,"2":10,"3":1},"f":{"0":1,"1":10},"b":{}}
,"C:\\Users\\pra.eins\\Desktop\\Workshop\\Workshop\\tasks\\library\\src\\lib\\array\\isFund.ts": {"path":"C:\\Users\\pra.eins\\Desktop\\Workshop\\Workshop\\tasks\\library\\src\\lib\\array\\isFund.ts","statementMap":{"0":{"start":{"line":7,"column":22},"end":{"line":14,"column":1}},"1":{"start":{"line":8,"column":2},"end":{"line":12,"column":null}},"2":{"start":{"line":8,"column":15},"end":{"line":8,"column":16}},"3":{"start":{"line":9,"column":4},"end":{"line":11,"column":null}},"4":{"start":{"line":10,"column":6},"end":{"line":10,"column":18}},"5":{"start":{"line":13,"column":2},"end":{"line":13,"column":15}},"6":{"start":{"line":7,"column":13},"end":{"line":7,"column":22}}},"fnMap":{"0":{"name":"(anonymous_0)","decl":{"start":{"line":7,"column":22},"end":{"line":7,"column":23}},"loc":{"start":{"line":7,"column":59},"end":{"line":14,"column":1}}}},"branchMap":{"0":{"loc":{"start":{"line":9,"column":4},"end":{"line":11,"column":null}},"type":"if","locations":[{"start":{"line":9,"column":4},"end":{"line":11,"column":null}}]}},"s":{"0":1,"1":2,"2":2,"3":11,"4":1,"5":1,"6":1},"f":{"0":2},"b":{"0":[1]}}
}
