TN:
SF:src\lib\array\chunk.ts
FN:11,(anonymous_0)
FNF:1
FNH:1
FNDA:3,(anonymous_0)
DA:11,1
DA:12,3
DA:13,2
DA:14,2
DA:15,2
DA:16,5
DA:18,2
LF:7
LH:7
BRDA:11,0,0,0
BRDA:12,1,0,1
BRDA:12,2,0,3
BRDA:12,2,1,3
BRF:4
BRH:3
end_of_record
TN:
SF:src\lib\array\compact.ts
FN:10,(anonymous_0)
FN:11,(anonymous_1)
FNF:2
FNH:2
FNDA:1,(anonymous_0)
FNDA:10,(anonymous_1)
DA:10,1
DA:11,10
LF:2
LH:2
BRF:0
BRH:0
end_of_record
TN:
SF:src\lib\array\isFund.ts
FN:7,(anonymous_0)
FNF:1
FNH:1
FNDA:2,(anonymous_0)
DA:7,1
DA:8,2
DA:9,11
DA:10,1
DA:13,1
LF:5
LH:5
BRDA:9,0,0,1
BRF:1
BRH:1
end_of_record
